2015.08.11 08:41 B D:\Oscar Web\Opermedios\PortalNuevo\notas\img\bg.jpg <-- operamedios /httpdocs/notas/img bg.jpg
2015.08.11 08:41 B D:\Oscar Web\Opermedios\PortalNuevo\notas\img\button-facebook.png <-- operamedios /httpdocs/notas/img button-facebook.png
2015.08.11 08:41 B D:\Oscar Web\Opermedios\PortalNuevo\notas\img\comment-icon-big.png <-- operamedios /httpdocs/notas/img comment-icon-big.png
2015.08.11 08:41 B D:\Oscar Web\Opermedios\PortalNuevo\notas\img\facebook.png <-- operamedios /httpdocs/notas/img facebook.png
2015.08.11 08:41 B D:\Oscar Web\Opermedios\PortalNuevo\notas\img\icon-container.png <-- operamedios /httpdocs/notas/img icon-container.png
2015.08.11 08:41 B D:\Oscar Web\Opermedios\PortalNuevo\notas\img\left-menu-nav.png <-- operamedios /httpdocs/notas/img left-menu-nav.png
2015.08.11 08:41 B D:\Oscar Web\Opermedios\PortalNuevo\notas\img\photo-icon.png <-- operamedios /httpdocs/notas/img photo-icon.png
2015.08.11 08:41 B D:\Oscar Web\Opermedios\PortalNuevo\notas\img\readmore-btn.png <-- operamedios /httpdocs/notas/img readmore-btn.png
2015.08.11 08:41 B D:\Oscar Web\Opermedios\PortalNuevo\notas\img\right-menu-nav.png <-- operamedios /httpdocs/notas/img right-menu-nav.png
2015.08.11 08:41 B D:\Oscar Web\Opermedios\PortalNuevo\notas\img\twitter.png <-- operamedios /httpdocs/notas/img twitter.png
2015.08.11 08:41 B D:\Oscar Web\Opermedios\PortalNuevo\notas\img\twitter_logo.jpg <-- operamedios /httpdocs/notas/img twitter_logo.jpg
2015.08.11 08:41 B D:\Oscar Web\Opermedios\PortalNuevo\notas\img\video-icon.png <-- operamedios /httpdocs/notas/img video-icon.png
2015.08.11 08:41 B D:\Oscar Web\Opermedios\PortalNuevo\notas\img\youtube.png <-- operamedios /httpdocs/notas/img youtube.png
2015.08.11 08:42 B D:\Oscar Web\Opermedios\PortalNuevo\notas\img\bg.jpg --> opemedios.com.mx /opemedios.com.mx/notas/img bg.jpg
2015.08.11 08:42 B D:\Oscar Web\Opermedios\PortalNuevo\notas\img\button-facebook.png --> opemedios.com.mx /opemedios.com.mx/notas/img button-facebook.png
2015.08.11 08:42 B D:\Oscar Web\Opermedios\PortalNuevo\notas\img\comment-icon-big.png --> opemedios.com.mx /opemedios.com.mx/notas/img comment-icon-big.png
2015.08.11 08:42 B D:\Oscar Web\Opermedios\PortalNuevo\notas\img\facebook.png --> opemedios.com.mx /opemedios.com.mx/notas/img facebook.png
2015.08.11 08:42 B D:\Oscar Web\Opermedios\PortalNuevo\notas\img\icon-container.png --> opemedios.com.mx /opemedios.com.mx/notas/img icon-container.png
2015.08.11 08:42 B D:\Oscar Web\Opermedios\PortalNuevo\notas\img\left-menu-nav.png --> opemedios.com.mx /opemedios.com.mx/notas/img left-menu-nav.png
2015.08.11 08:42 B D:\Oscar Web\Opermedios\PortalNuevo\notas\img\photo-icon.png --> opemedios.com.mx /opemedios.com.mx/notas/img photo-icon.png
2015.08.11 08:42 B D:\Oscar Web\Opermedios\PortalNuevo\notas\img\readmore-btn.png --> opemedios.com.mx /opemedios.com.mx/notas/img readmore-btn.png
2015.08.11 08:42 B D:\Oscar Web\Opermedios\PortalNuevo\notas\img\right-menu-nav.png --> opemedios.com.mx /opemedios.com.mx/notas/img right-menu-nav.png
2015.08.11 08:42 B D:\Oscar Web\Opermedios\PortalNuevo\notas\img\twitter.png --> opemedios.com.mx /opemedios.com.mx/notas/img twitter.png
2015.08.11 08:42 B D:\Oscar Web\Opermedios\PortalNuevo\notas\img\twitter_logo.jpg --> opemedios.com.mx /opemedios.com.mx/notas/img twitter_logo.jpg
2015.08.11 08:42 B D:\Oscar Web\Opermedios\PortalNuevo\notas\img\video-icon.png --> opemedios.com.mx /opemedios.com.mx/notas/img video-icon.png
